<?xml version="1.0" encoding="UTF-8"?>
<!-- Generated by org.testng.reporters.JUnitReportReporter -->
<testsuite hostname="BINTERNS-QA12L" failures="0" tests="1" name="testngmrngpract" time="0.003" errors="0" timestamp="2023-03-06T15:18:07 IST" skipped="0">
  <testcase classname="testngmrngpract" name="f" time="0.003"/>
  <system-out/>
</testsuite> <!-- testngmrngpract -->
