<?xml version="1.0" encoding="UTF-8"?>
<!-- Generated by org.testng.reporters.JUnitReportReporter -->
<testsuite hostname="BINTERNS-QA12L" failures="0" tests="2" name="crossdemo" time="6.067" errors="0" timestamp="2023-03-07T16:32:16 IST" skipped="0">
  <testcase classname="crossdemo" name="hashcode" time="6.065"/>
  <system-out/>
  <testcase classname="crossdemo" name="stat" time="0.002"/>
  <system-out/>
</testsuite> <!-- crossdemo -->
