<?xml version="1.0" encoding="UTF-8"?>
<!-- Generated by org.testng.reporters.JUnitReportReporter -->
<testsuite hostname="BINTERNS-QA12L" failures="0" tests="1" name="NewTest1" time="0.003" errors="0" timestamp="2023-03-06T11:00:42 IST" skipped="0">
  <testcase classname="NewTest1" name="f" time="0.003"/>
  <system-out/>
</testsuite> <!-- NewTest1 -->
